<?xml version="1.0" encoding="UTF-8"?>
<testsuite name="cdi-cxf-jetty-order2.TestSuite 1" tests="1" failures="0" errors="0" time="0.009"><properties><property name="java.runtime.name" value="Java(TM) SE Runtime Environment"/><property name="sun.boot.library.path" value="c:\Installs\jdk1.7.0_71\jre\bin"/><property name="java.vm.version" value="24.71-b01"/><property name="java.vm.vendor" value="Oracle Corporation"/><property name="java.vendor.url" value="http://java.oracle.com/"/><property name="guice.disable.misplaced.annotation.check" value="true"/><property name="path.separator" value=";"/><property name="java.vm.name" value="Java HotSpot(TM) 64-Bit Server VM"/><property name="file.encoding.pkg" value="sun.io"/><property name="user.country" value="US"/><property name="user.script" value=""/><property name="sun.java.launcher" value="SUN_STANDARD"/><property name="sun.os.patch.level" value=""/><property name="java.vm.specification.name" value="Java Virtual Machine Specification"/><property name="user.dir" value="e:\Users\Bryan\Google Drive\Source\workspace\camel\eap_6\cdi-cxf-jetty"/><property name="java.runtime.version" value="1.7.0_71-b14"/><property name="java.awt.graphicsenv" value="sun.awt.Win32GraphicsEnvironment"/><property name="java.endorsed.dirs" value="c:\Installs\jdk1.7.0_71\jre\lib\endorsed"/><property name="os.arch" value="amd64"/><property name="java.io.tmpdir" value="E:\Users\Bryan\AppData\Local\Temp\"/><property name="line.separator" value="
"/><property name="java.vm.specification.vendor" value="Oracle Corporation"/><property name="user.variant" value=""/><property name="os.name" value="Windows 8.1"/><property name="classworlds.conf" value="c:/Installs/apache-maven-3.1.1/bin/m2.conf"/><property name="sun.jnu.encoding" value="Cp1252"/><property name="java.library.path" value="c:\Installs\jdk1.7.0_71\bin;C:\Windows\Sun\Java\bin;C:\Windows\system32;C:\Windows;e:\Users\Bryan\bin;.;C:\Program Files (x86)\Git\local\bin;C:\Program Files (x86)\Git\mingw\bin;C:\Program Files (x86)\Git\bin;c:\Installs\ConEmuPack.140529\ConEmu;c:\Installs\ConEmuPack.140529;c:\ProgramData\Oracle\Java\javapath;c:\Program Files (x86)\NVIDIA Corporation\PhysX\Common;c:\Program Files (x86)\Intel\iCLS Client\;c:\Program Files\Intel\iCLS Client\;c:\Windows\system32;c:\Windows;c:\Windows\System32\Wbem;c:\Windows\System32\WindowsPowerShell\v1.0\;c:\Program Files\Intel\Intel(R) Management Engine Components\DAL;c:\Program Files\Intel\Intel(R) Management Engine Components\IPT;c:\Program Files (x86)\Intel\Intel(R) Management Engine Components\DAL;c:\Program Files (x86)\Intel\Intel(R) Management Engine Components\IPT;c:\Program Files (x86)\QuickTime\QTSystem\;c:\Installs\apache-ant-1.9.2\bin;c:\Installs\apache-maven-3.1.1\bin;c:\Installs\jdk1.7.0_71\bin;C:\Program Files (x86)\Git\cmd;c:\Ruby200-x64\bin;."/><property name="sun.awt.enableExtraMouseButtons" value="true"/><property name="java.specification.name" value="Java Platform API Specification"/><property name="java.class.version" value="51.0"/><property name="sun.management.compiler" value="HotSpot 64-Bit Tiered Compilers"/><property name="os.version" value="6.3"/><property name="user.home" value="E:\Users\Bryan"/><property name="user.timezone" value="America/New_York"/><property name="java.awt.printerjob" value="sun.awt.windows.WPrinterJob"/><property name="file.encoding" value="Cp1252"/><property name="java.specification.version" value="1.7"/><property name="java.class.path" value="c:/Installs/apache-maven-3.1.1/boot/plexus-classworlds-2.5.1.jar"/><property name="user.name" value="Bryan"/><property name="org.slf4j.simpleLogger.defaultLogLevel" value="info"/><property name="java.vm.specification.version" value="1.7"/><property name="sun.java.command" value="org.codehaus.plexus.classworlds.launcher.Launcher test -Psoapui"/><property name="java.home" value="c:\Installs\jdk1.7.0_71\jre"/><property name="sun.arch.data.model" value="64"/><property name="user.language" value="en"/><property name="java.specification.vendor" value="Oracle Corporation"/><property name="awt.toolkit" value="sun.awt.windows.WToolkit"/><property name="java.vm.info" value="mixed mode"/><property name="java.version" value="1.7.0_71"/><property name="java.ext.dirs" value="c:\Installs\jdk1.7.0_71\jre\lib\ext;C:\Windows\Sun\Java\lib\ext"/><property name="sun.boot.class.path" value="c:\Installs\jdk1.7.0_71\jre\lib\resources.jar;c:\Installs\jdk1.7.0_71\jre\lib\rt.jar;c:\Installs\jdk1.7.0_71\jre\lib\sunrsasign.jar;c:\Installs\jdk1.7.0_71\jre\lib\jsse.jar;c:\Installs\jdk1.7.0_71\jre\lib\jce.jar;c:\Installs\jdk1.7.0_71\jre\lib\charsets.jar;c:\Installs\jdk1.7.0_71\jre\lib\jfr.jar;c:\Installs\jdk1.7.0_71\jre\classes"/><property name="java.vendor" value="Oracle Corporation"/><property name="maven.home" value="c:\Installs\apache-maven-3.1.1"/><property name="file.separator" value="\"/><property name="java.vendor.url.bug" value="http://bugreport.sun.com/bugreport/"/><property name="sun.io.unicode.encoding" value="UnicodeLittle"/><property name="sun.cpu.endian" value="little"/><property name="sun.desktop" value="windows"/><property name="sun.cpu.isalist" value="amd64"/></properties><testcase name="TestCase 1" time="0.009"/></testsuite>